2015-09-25 13:36:35 4308 [Note] Plugin 'FEDERATED' is disabled.
2015-09-25 13:36:38 4308 [Note] InnoDB: Using atomics to ref count buffer pool pages
2015-09-25 13:36:38 4308 [Note] InnoDB: The InnoDB memory heap is disabled
2015-09-25 13:36:38 4308 [Note] InnoDB: Mutexes and rw_locks use Windows interlocked functions
2015-09-25 13:36:38 4308 [Note] InnoDB: Memory barrier is not used
2015-09-25 13:36:38 4308 [Note] InnoDB: Compressed tables use zlib 1.2.3
2015-09-25 13:36:38 4308 [Note] InnoDB: Not using CPU crc32 instructions
2015-09-25 13:36:38 4308 [Note] InnoDB: Initializing buffer pool, size = 128.0M
2015-09-25 13:36:38 4308 [Note] InnoDB: Completed initialization of buffer pool
2015-09-25 13:36:40 4308 [Note] InnoDB: Highest supported file format is Barracuda.
2015-09-25 13:36:41 4308 [Note] InnoDB: 128 rollback segment(s) are active.
2015-09-25 13:36:41 4308 [Note] InnoDB: Waiting for purge to start
2015-09-25 13:36:42 4308 [Note] InnoDB: 5.6.20 started; log sequence number 1600617
2015-09-25 13:36:43 4308 [Note] Server hostname (bind-address): '*'; port: 3306
2015-09-25 13:36:43 4308 [Note] IPv6 is available.
2015-09-25 13:36:43 4308 [Note]   - '::' resolves to '::';
2015-09-25 13:36:43 4308 [Note] Server socket created on IP: '::'.
2015-09-25 13:36:49 4308 [Warning] InnoDB: Cannot open table mysql/slave_master_info from the internal data dictionary of InnoDB though the .frm file for the table exists. See http://dev.mysql.com/doc/refman/5.6/en/innodb-troubleshooting.html for how you can resolve the problem.
2015-09-25 13:36:49 4308 [Warning] Info table is not ready to be used. Table 'mysql.slave_master_info' cannot be opened.
2015-09-25 13:36:49 4308 [Warning] InnoDB: Cannot open table mysql/slave_worker_info from the internal data dictionary of InnoDB though the .frm file for the table exists. See http://dev.mysql.com/doc/refman/5.6/en/innodb-troubleshooting.html for how you can resolve the problem.
2015-09-25 13:36:49 4308 [Warning] InnoDB: Cannot open table mysql/slave_relay_log_info from the internal data dictionary of InnoDB though the .frm file for the table exists. See http://dev.mysql.com/doc/refman/5.6/en/innodb-troubleshooting.html for how you can resolve the problem.
2015-09-25 13:36:49 4308 [Warning] Info table is not ready to be used. Table 'mysql.slave_relay_log_info' cannot be opened.
2015-09-25 13:36:51 4308 [Note] Event Scheduler: Loaded 0 events
2015-09-25 13:36:51 4308 [Note] G:\UwAmp\bin\database\mysql-5.6.20\bin\mysqld.exe: ready for connections.
Version: '5.6.20-log'  socket: ''  port: 3306  MySQL Community Server (GPL)
