2015-11-18 08:11:50 208 [Note] Plugin 'FEDERATED' is disabled.
2015-11-18 08:11:53 208 [Note] InnoDB: Using atomics to ref count buffer pool pages
2015-11-18 08:11:53 208 [Note] InnoDB: The InnoDB memory heap is disabled
2015-11-18 08:11:53 208 [Note] InnoDB: Mutexes and rw_locks use Windows interlocked functions
2015-11-18 08:11:53 208 [Note] InnoDB: Memory barrier is not used
2015-11-18 08:11:53 208 [Note] InnoDB: Compressed tables use zlib 1.2.3
2015-11-18 08:11:53 208 [Note] InnoDB: Not using CPU crc32 instructions
2015-11-18 08:11:53 208 [Note] InnoDB: Initializing buffer pool, size = 128.0M
2015-11-18 08:11:53 208 [Note] InnoDB: Completed initialization of buffer pool
2015-11-18 08:11:53 208 [Note] InnoDB: Highest supported file format is Barracuda.
2015-11-18 08:11:53 208 [Note] InnoDB: The log sequence numbers 1600617 and 1600617 in ibdata files do not match the log sequence number 1600637 in the ib_logfiles!
2015-11-18 08:11:53 208 [Note] InnoDB: Database was not shutdown normally!
2015-11-18 08:11:53 208 [Note] InnoDB: Starting crash recovery.
2015-11-18 08:11:53 208 [Note] InnoDB: Reading tablespace information from the .ibd files...
2015-11-18 08:11:54 208 [Note] InnoDB: Restoring possible half-written data pages 
2015-11-18 08:11:54 208 [Note] InnoDB: from the doublewrite buffer...
2015-11-18 08:11:56 208 [Note] InnoDB: 128 rollback segment(s) are active.
2015-11-18 08:11:56 208 [Note] InnoDB: Waiting for purge to start
2015-11-18 08:11:56 208 [Note] InnoDB: 5.6.20 started; log sequence number 1600637
2015-11-18 08:11:56 208 [Note] Recovering after a crash using mysql-bin
2015-11-18 08:11:56 208 [Note] Starting crash recovery...
2015-11-18 08:11:56 208 [Note] Crash recovery finished.
2015-11-18 08:12:00 208 [Note] Server hostname (bind-address): '*'; port: 3306
2015-11-18 08:12:00 208 [Note] IPv6 is available.
2015-11-18 08:12:00 208 [Note]   - '::' resolves to '::';
2015-11-18 08:12:00 208 [Note] Server socket created on IP: '::'.
2015-11-18 08:12:02 208 [Warning] InnoDB: Cannot open table mysql/slave_master_info from the internal data dictionary of InnoDB though the .frm file for the table exists. See http://dev.mysql.com/doc/refman/5.6/en/innodb-troubleshooting.html for how you can resolve the problem.
2015-11-18 08:12:02 208 [Warning] Info table is not ready to be used. Table 'mysql.slave_master_info' cannot be opened.
2015-11-18 08:12:02 208 [Warning] InnoDB: Cannot open table mysql/slave_worker_info from the internal data dictionary of InnoDB though the .frm file for the table exists. See http://dev.mysql.com/doc/refman/5.6/en/innodb-troubleshooting.html for how you can resolve the problem.
2015-11-18 08:12:02 208 [Warning] InnoDB: Cannot open table mysql/slave_relay_log_info from the internal data dictionary of InnoDB though the .frm file for the table exists. See http://dev.mysql.com/doc/refman/5.6/en/innodb-troubleshooting.html for how you can resolve the problem.
2015-11-18 08:12:02 208 [Warning] Info table is not ready to be used. Table 'mysql.slave_relay_log_info' cannot be opened.
2015-11-18 08:12:04 208 [Note] Event Scheduler: Loaded 0 events
2015-11-18 08:12:04 208 [Note] G:\UwAmp\bin\database\mysql-5.6.20\bin\mysqld.exe: ready for connections.
Version: '5.6.20-log'  socket: ''  port: 3306  MySQL Community Server (GPL)
2015-11-18 09:57:35 208 [Note] G:\UwAmp\bin\database\mysql-5.6.20\bin\mysqld.exe: Normal shutdown

2015-11-18 09:57:35 208 [Note] Giving 0 client threads a chance to die gracefully
2015-11-18 09:57:35 208 [Note] Event Scheduler: Purging the queue. 0 events
2015-11-18 09:57:35 208 [Note] Shutting down slave threads
2015-11-18 09:57:35 208 [Note] Forcefully disconnecting 0 remaining clients
2015-11-18 09:57:35 208 [Note] Binlog end
2015-11-18 09:57:38 208 [Note] Shutting down plugin 'partition'
2015-11-18 09:57:38 208 [Note] Shutting down plugin 'PERFORMANCE_SCHEMA'
2015-11-18 09:57:38 208 [Note] Shutting down plugin 'INNODB_SYS_DATAFILES'
2015-11-18 09:57:38 208 [Note] Shutting down plugin 'INNODB_SYS_TABLESPACES'
2015-11-18 09:57:38 208 [Note] Shutting down plugin 'INNODB_SYS_FOREIGN_COLS'
2015-11-18 09:57:38 208 [Note] Shutting down plugin 'INNODB_SYS_FOREIGN'
2015-11-18 09:57:38 208 [Note] Shutting down plugin 'INNODB_SYS_FIELDS'
2015-11-18 09:57:38 208 [Note] Shutting down plugin 'INNODB_SYS_COLUMNS'
2015-11-18 09:57:38 208 [Note] Shutting down plugin 'INNODB_SYS_INDEXES'
2015-11-18 09:57:38 208 [Note] Shutting down plugin 'INNODB_SYS_TABLESTATS'
2015-11-18 09:57:38 208 [Note] Shutting down plugin 'INNODB_SYS_TABLES'
2015-11-18 09:57:38 208 [Note] Shutting down plugin 'INNODB_FT_INDEX_TABLE'
2015-11-18 09:57:38 208 [Note] Shutting down plugin 'INNODB_FT_INDEX_CACHE'
2015-11-18 09:57:38 208 [Note] Shutting down plugin 'INNODB_FT_CONFIG'
2015-11-18 09:57:38 208 [Note] Shutting down plugin 'INNODB_FT_BEING_DELETED'
2015-11-18 09:57:38 208 [Note] Shutting down plugin 'INNODB_FT_DELETED'
2015-11-18 09:57:38 208 [Note] Shutting down plugin 'INNODB_FT_DEFAULT_STOPWORD'
2015-11-18 09:57:38 208 [Note] Shutting down plugin 'INNODB_METRICS'
2015-11-18 09:57:38 208 [Note] Shutting down plugin 'INNODB_BUFFER_POOL_STATS'
2015-11-18 09:57:38 208 [Note] Shutting down plugin 'INNODB_BUFFER_PAGE_LRU'
2015-11-18 09:57:38 208 [Note] Shutting down plugin 'INNODB_BUFFER_PAGE'
2015-11-18 09:57:38 208 [Note] Shutting down plugin 'INNODB_CMP_PER_INDEX_RESET'
2015-11-18 09:57:38 208 [Note] Shutting down plugin 'INNODB_CMP_PER_INDEX'
2015-11-18 09:57:38 208 [Note] Shutting down plugin 'INNODB_CMPMEM_RESET'
2015-11-18 09:57:38 208 [Note] Shutting down plugin 'INNODB_CMPMEM'
2015-11-18 09:57:38 208 [Note] Shutting down plugin 'INNODB_CMP_RESET'
2015-11-18 09:57:38 208 [Note] Shutting down plugin 'INNODB_CMP'
2015-11-18 09:57:38 208 [Note] Shutting down plugin 'INNODB_LOCK_WAITS'
2015-11-18 09:57:38 208 [Note] Shutting down plugin 'INNODB_LOCKS'
2015-11-18 09:57:38 208 [Note] Shutting down plugin 'INNODB_TRX'
2015-11-18 09:57:38 208 [Note] Shutting down plugin 'InnoDB'
2015-11-18 09:57:38 208 [Note] InnoDB: FTS optimize thread exiting.
2015-11-18 09:57:38 208 [Note] InnoDB: Starting shutdown...
